#
# There is insufficient memory for the Java Runtime Environment to continue.
# Native memory allocation (malloc) failed to allocate 65552 bytes for Chunk::new
# Possible reasons:
#   The system is out of physical RAM or swap space
#   In 32 bit mode, the process size limit was hit
# Possible solutions:
#   Reduce memory load on the system
#   Increase physical memory or swap space
#   Check if swap backing store is full
#   Use 64 bit Java on a 64 bit OS
#   Decrease Java heap size (-Xmx/-Xms)
#   Decrease number of Java threads
#   Decrease Java thread stack sizes (-Xss)
#   Set larger code cache with -XX:ReservedCodeCacheSize=
# This output file may be truncated or incomplete.
#
#  Out of Memory Error (allocation.cpp:390), pid=275488, tid=0x000000000004e0b8
#
# JRE version: OpenJDK Runtime Environment (8.0_112-b06) (build 1.8.0_112-release-b06)
# Java VM: OpenJDK 64-Bit Server VM (25.112-b06 mixed mode windows-amd64 compressed oops)
# Failed to write core dump. Minidumps are not enabled by default on client versions of Windows
#

---------------  T H R E A D  ---------------

Current thread (0x00000000161dc000):  JavaThread "C2 CompilerThread0" daemon [_thread_in_native, id=319672, stack(0x0000000017930000,0x0000000017a30000)]

Stack: [0x0000000017930000,0x0000000017a30000]
[error occurred during error reporting (printing stack bounds), id 0xc0000005]

Native frames: (J=compiled Java code, j=interpreted, Vv=VM code, C=native code)


Current CompileTask:
C2:  45517 4120   !   4       com.sun.beans.TypeResolver::resolve (274 bytes)


---------------  P R O C E S S  ---------------

Java Threads: ( => current thread )
  0x000000001cc4e000 JavaThread "File lock request listener" [_thread_in_native, id=320848, stack(0x000000001d210000,0x000000001d310000)]
  0x000000001868c000 JavaThread "Stdin handler" [_thread_blocked, id=320152, stack(0x000000001a970000,0x000000001aa70000)]
  0x000000001955b800 JavaThread "Asynchronous log dispatcher for DefaultDaemonConnection: socket connection from /127.0.0.1:65245 to /127.0.0.1:65247" [_thread_blocked, id=8828, stack(0x000000001a870000,0x000000001a970000)]
  0x0000000019557000 JavaThread "Daemon worker" [_thread_in_vm, id=319772, stack(0x000000001a770000,0x000000001a870000)]
  0x0000000018ecf800 JavaThread "Cancel handler" [_thread_blocked, id=320132, stack(0x000000001a670000,0x000000001a770000)]
  0x00000000195a0800 JavaThread "pool-1-thread-1" [_thread_blocked, id=253116, stack(0x000000001a570000,0x000000001a670000)]
  0x000000001949e800 JavaThread "Handler for socket connection from /127.0.0.1:65245 to /127.0.0.1:65247" [_thread_in_native, id=319640, stack(0x000000001a470000,0x000000001a570000)]
  0x000000001914b000 JavaThread "Daemon" [_thread_blocked, id=319008, stack(0x000000001a370000,0x000000001a470000)]
  0x000000001931f800 JavaThread "Incoming local TCP Connector on port 65245" [_thread_in_native, id=320220, stack(0x0000000019f40000,0x000000001a040000)]
  0x0000000017c53000 JavaThread "Service Thread" daemon [_thread_blocked, id=319860, stack(0x0000000018030000,0x0000000018130000)]
  0x00000000161e2000 JavaThread "C1 CompilerThread2" daemon [_thread_blocked, id=319944, stack(0x0000000017b30000,0x0000000017c30000)]
  0x00000000161de800 JavaThread "C2 CompilerThread1" daemon [_thread_in_native, id=319888, stack(0x0000000017a30000,0x0000000017b30000)]
=>0x00000000161dc000 JavaThread "C2 CompilerThread0" daemon [_thread_in_native, id=319672, stack(0x0000000017930000,0x0000000017a30000)]
  0x00000000161d9800 JavaThread "Attach Listener" daemon [_thread_blocked, id=317484, stack(0x0000000017830000,0x0000000017930000)]
  0x00000000161d8800 JavaThread "Signal Dispatcher" daemon [_thread_blocked, id=319296, stack(0x0000000017730000,0x0000000017830000)]
  0x000000000286a000 JavaThread "Finalizer" daemon [_thread_blocked, id=3104, stack(0x0000000017440000,0x0000000017540000)]
  0x000000000285f000 JavaThread "Reference Handler" daemon [_thread_blocked, id=5868, stack(0x0000000017340000,0x0000000017440000)]
  0x0000000002771000 JavaThread "main" [_thread_blocked, id=320464, stack(0x0000000002670000,0x0000000002770000)]

Other Threads:
  0x00000000161a4800 VMThread [stack: 0x0000000017240000,0x0000000017340000] [id=319760]
  0x0000000016226000 WatcherThread [stack: 0x0000000018130000,0x0000000018230000] [id=253148]

VM state:not at safepoint (normal execution)

VM Mutex/Monitor currently owned by a thread: None

Heap:
 PSYoungGen      total 66560K, used 41067K [0x00000000e0000000, 0x00000000e5700000, 0x0000000100000000)
  eden space 56320K, 72% used [0x00000000e0000000,0x00000000e281afd0,0x00000000e3700000)
  from space 10240K, 0% used [0x00000000e3700000,0x00000000e3700000,0x00000000e4100000)
  to   space 11264K, 0% used [0x00000000e4c00000,0x00000000e4c00000,0x00000000e5700000)
 ParOldGen       total 70656K, used 15802K [0x00000000a0000000, 0x00000000a4500000, 0x00000000e0000000)
  object space 70656K, 22% used [0x00000000a0000000,0x00000000a0f6e8d0,0x00000000a4500000)
 Metaspace       used 37243K, capacity 37954K, committed 38272K, reserved 1083392K
  class space    used 4954K, capacity 5160K, committed 5248K, reserved 1048576K

Card table byte_map: [0x0000000011c30000,0x0000000011f40000] byte_map_base: 0x0000000011730000

Marking Bits: (ParMarkBitMap*) 0x00000000580318f0
 Begin Bits: [0x0000000012540000, 0x0000000013d40000)
 End Bits:   [0x0000000013d40000, 0x0000000015540000)

Polling page: 0x0000000000bc0000

CodeCache: size=245760Kb used=15151Kb max_used=15151Kb free=230609Kb
 bounds [0x0000000002870000, 0x0000000003750000, 0x0000000011870000]
 total_blobs=4529 nmethods=3821 adapters=620
 compilation: enabled

Compilation events (10 events):
Event: 45.388 Thread 0x00000000161e2000 4134       1       org.gradle.internal.metaobject.InvokeMethodResult::isFound (5 bytes)
Event: 45.388 Thread 0x00000000161e2000 nmethod 4134 0x0000000003732a10 code [0x0000000003732b60, 0x0000000003732c70]
Event: 45.404 Thread 0x00000000161e2000 4135   !   3       org.gradle.internal.service.DefaultServiceRegistry$FactoryService::bind (239 bytes)
Event: 45.408 Thread 0x00000000161e2000 nmethod 4135 0x00000000037411d0 code [0x0000000003741720, 0x0000000003744eb8]
Event: 45.408 Thread 0x00000000161e2000 4136       3       org.gradle.internal.service.DefaultServiceRegistry$FactoryService::create (18 bytes)
Event: 45.408 Thread 0x00000000161e2000 nmethod 4136 0x00000000037363d0 code [0x0000000003736540, 0x00000000037367b8]
Event: 45.433 Thread 0x00000000161e2000 4137       3       org.codehaus.groovy.util.ManagedConcurrentMap$Entry::isValid (13 bytes)
Event: 45.434 Thread 0x00000000161e2000 nmethod 4137 0x0000000003747650 code [0x00000000037477c0, 0x0000000003747b08]
Event: 45.434 Thread 0x00000000161e2000 4138       1       org.codehaus.groovy.util.ManagedConcurrentMap$Entry::getHash (5 bytes)
Event: 45.435 Thread 0x00000000161e2000 nmethod 4138 0x0000000003747c10 code [0x0000000003747d60, 0x0000000003747e70]

GC Heap History (10 events):
Event: 14.364 GC heap before
{Heap before GC invocations=7 (full 1):
 PSYoungGen      total 38400K, used 38066K [0x00000000e0000000, 0x00000000e3f80000, 0x0000000100000000)
  eden space 33280K, 100% used [0x00000000e0000000,0x00000000e2080000,0x00000000e2080000)
  from space 5120K, 93% used [0x00000000e2080000,0x00000000e252ca48,0x00000000e2580000)
  to   space 10752K, 0% used [0x00000000e3500000,0x00000000e3500000,0x00000000e3f80000)
 ParOldGen       total 70656K, used 9118K [0x00000000a0000000, 0x00000000a4500000, 0x00000000e0000000)
  object space 70656K, 12% used [0x00000000a0000000,0x00000000a08e7870,0x00000000a4500000)
 Metaspace       used 26079K, capacity 26496K, committed 26752K, reserved 1073152K
  class space    used 3586K, capacity 3693K, committed 3712K, reserved 1048576K
Event: 14.375 GC heap after
Heap after GC invocations=7 (full 1):
 PSYoungGen      total 51200K, used 5229K [0x00000000e0000000, 0x00000000e3d80000, 0x0000000100000000)
  eden space 42496K, 0% used [0x00000000e0000000,0x00000000e0000000,0x00000000e2980000)
  from space 8704K, 60% used [0x00000000e3500000,0x00000000e3a1b5c8,0x00000000e3d80000)
  to   space 10240K, 0% used [0x00000000e2980000,0x00000000e2980000,0x00000000e3380000)
 ParOldGen       total 70656K, used 9126K [0x00000000a0000000, 0x00000000a4500000, 0x00000000e0000000)
  object space 70656K, 12% used [0x00000000a0000000,0x00000000a08e9870,0x00000000a4500000)
 Metaspace       used 26079K, capacity 26496K, committed 26752K, reserved 1073152K
  class space    used 3586K, capacity 3693K, committed 3712K, reserved 1048576K
}
Event: 21.387 GC heap before
{Heap before GC invocations=8 (full 1):
 PSYoungGen      total 51200K, used 47725K [0x00000000e0000000, 0x00000000e3d80000, 0x0000000100000000)
  eden space 42496K, 100% used [0x00000000e0000000,0x00000000e2980000,0x00000000e2980000)
  from space 8704K, 60% used [0x00000000e3500000,0x00000000e3a1b5c8,0x00000000e3d80000)
  to   space 10240K, 0% used [0x00000000e2980000,0x00000000e2980000,0x00000000e3380000)
 ParOldGen       total 70656K, used 9126K [0x00000000a0000000, 0x00000000a4500000, 0x00000000e0000000)
  object space 70656K, 12% used [0x00000000a0000000,0x00000000a08e9870,0x00000000a4500000)
 Metaspace       used 28820K, capacity 29280K, committed 29440K, reserved 1075200K
  class space    used 3904K, capacity 4045K, committed 4096K, reserved 1048576K
Event: 21.533 GC heap after
Heap after GC invocations=8 (full 1):
 PSYoungGen      total 52736K, used 5766K [0x00000000e0000000, 0x00000000e4b00000, 0x0000000100000000)
  eden space 42496K, 0% used [0x00000000e0000000,0x00000000e0000000,0x00000000e2980000)
  from space 10240K, 56% used [0x00000000e2980000,0x00000000e2f21a50,0x00000000e3380000)
  to   space 9728K, 0% used [0x00000000e4180000,0x00000000e4180000,0x00000000e4b00000)
 ParOldGen       total 70656K, used 9134K [0x00000000a0000000, 0x00000000a4500000, 0x00000000e0000000)
  object space 70656K, 12% used [0x00000000a0000000,0x00000000a08eb870,0x00000000a4500000)
 Metaspace       used 28820K, capacity 29280K, committed 29440K, reserved 1075200K
  class space    used 3904K, capacity 4045K, committed 4096K, reserved 1048576K
}
Event: 37.944 GC heap before
{Heap before GC invocations=9 (full 1):
 PSYoungGen      total 52736K, used 48262K [0x00000000e0000000, 0x00000000e4b00000, 0x0000000100000000)
  eden space 42496K, 100% used [0x00000000e0000000,0x00000000e2980000,0x00000000e2980000)
  from space 10240K, 56% used [0x00000000e2980000,0x00000000e2f21a50,0x00000000e3380000)
  to   space 9728K, 0% used [0x00000000e4180000,0x00000000e4180000,0x00000000e4b00000)
 ParOldGen       total 70656K, used 9134K [0x00000000a0000000, 0x00000000a4500000, 0x00000000e0000000)
  object space 70656K, 12% used [0x00000000a0000000,0x00000000a08eb870,0x00000000a4500000)
 Metaspace       used 32132K, capacity 32646K, committed 32896K, reserved 1077248K
  class space    used 4313K, capacity 4467K, committed 4480K, reserved 1048576K
Event: 38.027 GC heap after
Heap after GC invocations=9 (full 1):
 PSYoungGen      total 66048K, used 8384K [0x00000000e0000000, 0x00000000e4b00000, 0x0000000100000000)
  eden space 56320K, 0% used [0x00000000e0000000,0x00000000e0000000,0x00000000e3700000)
  from space 9728K, 86% used [0x00000000e4180000,0x00000000e49b0048,0x00000000e4b00000)
  to   space 10240K, 0% used [0x00000000e3700000,0x00000000e3700000,0x00000000e4100000)
 ParOldGen       total 70656K, used 9206K [0x00000000a0000000, 0x00000000a4500000, 0x00000000e0000000)
  object space 70656K, 13% used [0x00000000a0000000,0x00000000a08fd880,0x00000000a4500000)
 Metaspace       used 32132K, capacity 32646K, committed 32896K, reserved 1077248K
  class space    used 4313K, capacity 4467K, committed 4480K, reserved 1048576K
}
Event: 41.820 GC heap before
{Heap before GC invocations=10 (full 1):
 PSYoungGen      total 66048K, used 55815K [0x00000000e0000000, 0x00000000e4b00000, 0x0000000100000000)
  eden space 56320K, 84% used [0x00000000e0000000,0x00000000e2e51ed0,0x00000000e3700000)
  from space 9728K, 86% used [0x00000000e4180000,0x00000000e49b0048,0x00000000e4b00000)
  to   space 10240K, 0% used [0x00000000e3700000,0x00000000e3700000,0x00000000e4100000)
 ParOldGen       total 70656K, used 9206K [0x00000000a0000000, 0x00000000a4500000, 0x00000000e0000000)
  object space 70656K, 13% used [0x00000000a0000000,0x00000000a08fd880,0x00000000a4500000)
 Metaspace       used 34779K, capacity 35336K, committed 35496K, reserved 1079296K
  class space    used 4635K, capacity 4810K, committed 4864K, reserved 1048576K
Event: 41.839 GC heap after
Heap after GC invocations=10 (full 1):
 PSYoungGen      total 66560K, used 9583K [0x00000000e0000000, 0x00000000e5700000, 0x0000000100000000)
  eden space 56320K, 0% used [0x00000000e0000000,0x00000000e0000000,0x00000000e3700000)
  from space 10240K, 93% used [0x00000000e3700000,0x00000000e405bc90,0x00000000e4100000)
  to   space 11264K, 0% used [0x00000000e4c00000,0x00000000e4c00000,0x00000000e5700000)
 ParOldGen       total 70656K, used 9214K [0x00000000a0000000, 0x00000000a4500000, 0x00000000e0000000)
  object space 70656K, 13% used [0x00000000a0000000,0x00000000a08ff880,0x00000000a4500000)
 Metaspace       used 34779K, capacity 35336K, committed 35496K, reserved 1079296K
  class space    used 4635K, capacity 4810K, committed 4864K, reserved 1048576K
}
Event: 41.839 GC heap before
{Heap before GC invocations=11 (full 2):
 PSYoungGen      total 66560K, used 9583K [0x00000000e0000000, 0x00000000e5700000, 0x0000000100000000)
  eden space 56320K, 0% used [0x00000000e0000000,0x00000000e0000000,0x00000000e3700000)
  from space 10240K, 93% used [0x00000000e3700000,0x00000000e405bc90,0x00000000e4100000)
  to   space 11264K, 0% used [0x00000000e4c00000,0x00000000e4c00000,0x00000000e5700000)
 ParOldGen       total 70656K, used 9214K [0x00000000a0000000, 0x00000000a4500000, 0x00000000e0000000)
  object space 70656K, 13% used [0x00000000a0000000,0x00000000a08ff880,0x00000000a4500000)
 Metaspace       used 34779K, capacity 35336K, committed 35496K, reserved 1079296K
  class space    used 4635K, capacity 4810K, committed 4864K, reserved 1048576K
Event: 42.133 GC heap after
Heap after GC invocations=11 (full 2):
 PSYoungGen      total 66560K, used 0K [0x00000000e0000000, 0x00000000e5700000, 0x0000000100000000)
  eden space 56320K, 0% used [0x00000000e0000000,0x00000000e0000000,0x00000000e3700000)
  from space 10240K, 0% used [0x00000000e3700000,0x00000000e3700000,0x00000000e4100000)
  to   space 11264K, 0% used [0x00000000e4c00000,0x00000000e4c00000,0x00000000e5700000)
 ParOldGen       total 70656K, used 15802K [0x00000000a0000000, 0x00000000a4500000, 0x00000000e0000000)
  object space 70656K, 22% used [0x00000000a0000000,0x00000000a0f6e8d0,0x00000000a4500000)
 Metaspace       used 34779K, capacity 35336K, committed 35496K, reserved 1079296K
  class space    used 4635K, capacity 4810K, committed 4864K, reserved 1048576K
}

Deoptimization events (10 events):
Event: 40.728 Thread 0x0000000019557000 Uncommon trap: reason=unstable_if action=reinterpret pc=0x000000000362a7fc method=java.lang.reflect.Modifier.toString(I)Ljava/lang/String; @ 123
Event: 41.391 Thread 0x0000000019557000 Uncommon trap: reason=speculate_class_check action=maybe_recompile pc=0x0000000002dda0e8 method=com.google.common.base.Equivalence.hash(Ljava/lang/Object;)I @ 8
Event: 41.391 Thread 0x0000000019557000 Uncommon trap: reason=speculate_class_check action=maybe_recompile pc=0x0000000002dda0e8 method=com.google.common.base.Equivalence.hash(Ljava/lang/Object;)I @ 8
Event: 41.391 Thread 0x0000000019557000 Uncommon trap: reason=speculate_class_check action=maybe_recompile pc=0x0000000002dda0e8 method=com.google.common.base.Equivalence.hash(Ljava/lang/Object;)I @ 8
Event: 41.391 Thread 0x0000000019557000 Uncommon trap: reason=speculate_class_check action=maybe_recompile pc=0x0000000002dda0e8 method=com.google.common.base.Equivalence.hash(Ljava/lang/Object;)I @ 8
Event: 43.316 Thread 0x0000000019557000 Uncommon trap: reason=unstable_if action=reinterpret pc=0x000000000329fdcc method=java.lang.ThreadLocal.get()Ljava/lang/Object; @ 11
Event: 43.822 Thread 0x0000000019557000 Uncommon trap: reason=unstable_if action=reinterpret pc=0x0000000002fd2964 method=java.util.HashMap.putVal(ILjava/lang/Object;Ljava/lang/Object;ZZ)Ljava/lang/Object; @ 236
Event: 44.080 Thread 0x0000000019557000 Uncommon trap: reason=unstable_if action=reinterpret pc=0x0000000002da333c method=java.lang.CharacterDataLatin1.isWhitespace(I)Z @ 14
Event: 44.512 Thread 0x0000000019557000 Uncommon trap: reason=unstable_if action=reinterpret pc=0x0000000003008bec method=java.security.CodeSource.getCertificates()[Ljava/security/cert/Certificate; @ 22
Event: 44.583 Thread 0x0000000019557000 Uncommon trap: reason=unstable_if action=reinterpret pc=0x0000000002ca6b00 method=java.util.LinkedHashMap.get(Ljava/lang/Object;)Ljava/lang/Object; @ 20

Internal exceptions (10 events):
Event: 45.303 Thread 0x0000000019557000 Exception <a 'java/lang/ClassNotFoundException': org/gradle/api/internal/DefaultNamedDomainObjectSetBeanInfo> (0x00000000e25306f8) thrown at [C:\src\android\AOSP-openjdk\external\jetbrains\jdk\hotspot\src\share\vm\classfile\systemDictionary.cpp, line 210]
Event: 45.304 Thread 0x0000000019557000 Exception <a 'java/lang/ClassNotFoundException': org/gradle/api/internal/DefaultNamedDomainObjectSetCustomizer> (0x00000000e255f408) thrown at [C:\src\android\AOSP-openjdk\external\jetbrains\jdk\hotspot\src\share\vm\classfile\systemDictionary.cpp, line 210|!„€§F@
Event: 45.309 Thread 0x0000000019557000 Exception <a 'java/lang/ClassNotFoundException': org/gradle/api/internal/AbstractNamedDomainObjectContainerCustomizer> (0x00000000e25ad120) thrown at [C:\src\android\AOSP-openjdk\external\jetbrains\jdk\hotspot\src\share\vm\classfile\systemDictionary.cpp, l‘£l,>¨F@
Event: 45.314 Thread 0x0000000019557000 Exception <a 'java/lang/ClassNotFoundException': org/gradle/api/internal/FactoryNamedDomainObjectContainerCustomizer> (0x00000000e25f4b38) thrown at [C:\src\android\AOSP-openjdk\external\jetbrains\jdk\hotspot\src\share\vm\classfile\systemDictionary.cpp, li$¾ƒœý¨F@
Event: 45.320 Thread 0x0000000019557000 Exception <a 'java/lang/ClassNotFoundException': org/gradle/api/internal/FactoryNamedDomainObjectContainer_DecoratedCustomizer> (0x00000000e2635040) thrown at [C:\src\android\AOSP-openjdk\external\jetbrains\jdk\hotspot\src\share\vm\classfile\systemDictionaX:ý°F@
Event: 45.383 Thread 0x0000000019557000 Exception <a 'java/lang/ClassNotFoundException': build_a0ukh7t6n2po0c89rxmq8vxff$_run_closure1$_closure4BeanInfo> (0x00000000e2688620) thrown at [C:\src\android\AOSP-openjdk\external\jetbrains\jdk\hotspot\src\share\vm\classfile\systemDictionary.cpp, line 2Ý…šn±F@
Event: 45.383 Thread 0x0000000019557000 Exception <a 'java/lang/ClassNotFoundException': build_a0ukh7t6n2po0c89rxmq8vxff$_run_closure1$_closure4Customizer> (0x00000000e269ea08) thrown at [C:\src\android\AOSP-openjdk\external\jetbrains\jdk\hotspot\src\share\vm\classfile\systemDictionary.cpp, lineuè.4(²F@
Event: 45.392 Thread 0x0000000019557000 Exception <a 'java/lang/ClassNotFoundException': build_a0ukh7t6n2po0c89rxmq8vxff$_run_closure1BeanInfo> (0x00000000e26ce9e0) thrown at [C:\src\android\AOSP-openjdk\external\jetbrains\jdk\hotspot\src\share\vm\classfile\systemDictionary.cpp, line 210]
Event: 45.393 Thread 0x0000000019557000 Exception <a 'java/lang/ClassNotFoundException': build_a0ukh7t6n2po0c89rxmq8vxff$_run_closure1Customizer> (0x00000000e26e38b8) thrown at [C:\src\android\AOSP-openjdk\external\jetbrains\jdk\hotspot\src\share\vm\classfile\systemDictionary.cpp, line 210]
Event: 45.409 Thread 0x0000000019557000 Exception <a 'java/lang/reflect/InvocationTargetException'> (0x00000000e271da40) thrown at [C:\src\android\AOSP-openjdk\external\jetbrains\jdk\hotspot\src\share\vm\runtime\reflection.cpp, line 1092]

Events (10 events):
Event: 45.432 loading class org/gradle/api/internal/tasks/TaskDependencyResolveContext
Event: 45.432 loading class org/gradle/api/internal/tasks/TaskDependencyResolveContext done
Event: 45.438 loading class org/gradle/api/internal/file/collections/DirectoryFileTree
Event: 45.438 loading class org/gradle/api/internal/file/collections/DirectoryFileTree done
Event: 45.441 loading class org/gradle/api/internal/file/collections/PatternFilterableFileTree
Event: 45.441 loading class org/gradle/api/internal/file/collections/PatternFilterableFileTree done
Event: 45.442 loading class org/gradle/api/internal/file/collections/RandomAccessFileCollection
Event: 45.442 loading class org/gradle/api/internal/file/collections/RandomAccessFileCollection done
Event: 45.442 loading class org/gradle/api/internal/file/collections/LocalFileTree
Event: 45.442 loading class org/gradle/api/internal/file/collections/LocalFileTree done


Dynamic libraries:
0x00007ff70ca00000 - 0x00007ff70ca31000 	E:\programs\Android\sdk\jre\bin\java.exe
0x00007ffc31610000 - 0x00007ffc317eb000 	C:\WINDOWS\SYSTEM32\ntdll.dll
0x00007ffc30530000 - 0x00007ffc305de000 	C:\WINDOWS\System32\KERNEL32.DLL
0x00007ffc2db30000 - 0x00007ffc2dd79000 	C:\WINDOWS\System32\KERNELBASE.dll
0x00007ffc30f30000 - 0x00007ffc30fd1000 	C:\WINDOWS\System32\ADVAPI32.dll
0x00007ffc30d30000 - 0x00007ffc30dcd000 	C:\WINDOWS\System32\msvcrt.dll
0x00007ffc304d0000 - 0x00007ffc30529000 	C:\WINDOWS\System32\sechost.dll
0x00007ffc306f0000 - 0x00007ffc30815000 	C:\WINDOWS\System32\RPCRT4.dll
0x00007ffc30dd0000 - 0x00007ffc30f1a000 	C:\WINDOWS\System32\USER32.dll
0x00007ffc2ddd0000 - 0x00007ffc2ddee000 	C:\WINDOWS\System32\win32u.dll
0x00007ffc30330000 - 0x00007ffc30357000 	C:\WINDOWS\System32\GDI32.dll
0x00007ffc2e9e0000 - 0x00007ffc2eb67000 	C:\WINDOWS\System32\gdi32full.dll
0x00007ffc2e660000 - 0x00007ffc2e6fa000 	C:\WINDOWS\System32\msvcp_win.dll
0x00007ffc2ddf0000 - 0x00007ffc2dee6000 	C:\WINDOWS\System32\ucrtbase.dll
0x00007ffc24910000 - 0x00007ffc24b77000 	C:\WINDOWS\WinSxS\amd64_microsoft.windows.common-controls_6595b64144ccf1df_6.0.15063.483_none_26002d27e7c744a2\COMCTL32.dll
0x00007ffc309c0000 - 0x00007ffc30cb9000 	C:\WINDOWS\System32\combase.dll
0x00007ffc2def0000 - 0x00007ffc2df5a000 	C:\WINDOWS\System32\bcryptPrimitives.dll
0x00007ffc304a0000 - 0x00007ffc304cd000 	C:\WINDOWS\System32\IMM32.DLL
0x0000000057790000 - 0x0000000057862000 	E:\programs\Android\sdk\jre\jre\bin\msvcr100.dll
0x0000000057870000 - 0x00000000580ac000 	E:\programs\Android\sdk\jre\jre\bin\server\jvm.dll
0x00007ffc31420000 - 0x00007ffc31428000 	C:\WINDOWS\System32\PSAPI.DLL
0x00007ffc221c0000 - 0x00007ffc221c9000 	C:\WINDOWS\SYSTEM32\WSOCK32.dll
0x00007ffc30cc0000 - 0x00007ffc30d2c000 	C:\WINDOWS\System32\WS2_32.dll
0x00007ffc2c020000 - 0x00007ffc2c043000 	C:\WINDOWS\SYSTEM32\WINMM.dll
0x00007ffc22180000 - 0x00007ffc2218a000 	C:\WINDOWS\SYSTEM32\VERSION.dll
0x00007ffc2bfc0000 - 0x00007ffc2bfeb000 	C:\WINDOWS\SYSTEM32\WINMMBASE.dll
0x00007ffc2dd80000 - 0x00007ffc2ddc9000 	C:\WINDOWS\System32\cfgmgr32.dll
0x00007ffc221b0000 - 0x00007ffc221bf000 	E:\programs\Android\sdk\jre\jre\bin\verify.dll
0x00007ffc203a0000 - 0x00007ffc203c9000 	E:\programs\Android\sdk\jre\jre\bin\java.dll
0x00007ffc21c40000 - 0x00007ffc21c56000 	E:\programs\Android\sdk\jre\jre\bin\zip.dll
0x00007ffc2ebd0000 - 0x00007ffc30007000 	C:\WINDOWS\System32\SHELL32.dll
0x00007ffc31560000 - 0x00007ffc3160a000 	C:\WINDOWS\System32\shcore.dll
0x00007ffc2df60000 - 0x00007ffc2e651000 	C:\WINDOWS\System32\windows.storage.dll
0x00007ffc302d0000 - 0x00007ffc30321000 	C:\WINDOWS\System32\shlwapi.dll
0x00007ffc2da80000 - 0x00007ffc2da91000 	C:\WINDOWS\System32\kernel.appcore.dll
0x00007ffc2dae0000 - 0x00007ffc2db2c000 	C:\WINDOWS\System32\powrprof.dll
0x00007ffc2daa0000 - 0x00007ffc2dab5000 	C:\WINDOWS\System32\profapi.dll
0x00007ffc21be0000 - 0x00007ffc21bfa000 	E:\programs\Android\sdk\jre\jre\bin\net.dll
0x00007ffc2d330000 - 0x00007ffc2d38c000 	C:\WINDOWS\system32\mswsock.dll
0x00007ffc209b0000 - 0x00007ffc209c1000 	E:\programs\Android\sdk\jre\jre\bin\nio.dll
0x00007ffc1d270000 - 0x00007ffc1d28e000 	C:\Users\Ahmed Shaban\.gradle\native\23\windows-amd64\native-platform.dll
0x00007ffc2d4d0000 - 0x00007ffc2d4e7000 	C:\WINDOWS\SYSTEM32\CRYPTSP.dll
0x00007ffc2cf50000 - 0x00007ffc2cf84000 	C:\WINDOWS\system32\rsaenh.dll
0x00007ffc2d8b0000 - 0x00007ffc2d8d5000 	C:\WINDOWS\SYSTEM32\bcrypt.dll
0x00007ffc2d980000 - 0x00007ffc2d9a9000 	C:\WINDOWS\SYSTEM32\USERENV.dll
0x00007ffc2d6c0000 - 0x00007ffc2d6cb000 	C:\WINDOWS\SYSTEM32\CRYPTBASE.dll
0x00007ffc2d0d0000 - 0x00007ffc2d107000 	C:\WINDOWS\SYSTEM32\IPHLPAPI.DLL
0x00007ffc30f20000 - 0x00007ffc30f28000 	C:\WINDOWS\System32\NSI.dll
0x00007ffc240b0000 - 0x00007ffc240c6000 	C:\WINDOWS\SYSTEM32\dhcpcsvc6.DLL
0x00007ffc24090000 - 0x00007ffc240aa000 	C:\WINDOWS\SYSTEM32\dhcpcsvc.DLL
0x00007ffc221a0000 - 0x00007ffc221ad000 	E:\programs\Android\sdk\jre\jre\bin\management.dll

VM Arguments:
jvm_args: -Xmx1536m -Dfile.encoding=windows-1252 -Duser.country=GB -Duser.language=en -Duser.variant 
java_command: org.gradle.launcher.daemon.bootstrap.GradleDaemon 3.3
java_class_path (initial): C:\Users\Ahmed Shaban\.gradle\wrapper\dists\gradle-3.3-all\55gk2rcmfc6p2dg9u9ohc3hw9\gradle-3.3\lib\gradle-launcher-3.3.jar
Launcher Type: SUN_STANDARD

Environment Variables:
JAVA_HOME=C:\Program Files\Java\jdk1.8.0_25
CLASSPATH=C:\Users\Ahmed Shaban\Documents\NetBeansProjects\jade.jar
PATH=C:\ProgramData\Oracle\Java\javapath;C:\Program Files\Java\jdk1.8.0_25;C:\Program Files\Git\cmd;C:\Program Files\nodejs\;C:\WINDOWS\system32;C:\WINDOWS;C:\WINDOWS\System32\Wbem;C:\WINDOWS\System32\WindowsPowerShell\v1.0\;C:\Program Files\PuTTY\;C:\Users\Ahmed Shaban\AppData\Local\Programs\Python\Python36\Scripts\;C:\Users\Ahmed Shaban\AppData\Local\Programs\Python\Python36\;C:\Program Files\Java\jdk1.8.0_25;C:\Program Files\Heroku\bin;C:\Program Files (x86)\Microsoft VS Code\bin;C:\Users\Ahmed Shaban\AppData\Roaming\npm;;E:\programs\Android\android_studio\sdk\platform-tools;E:\programs\Android\android_studio\sdk\tools;%USERPROFILE%\AppData\Local\Microsoft\WindowsApps
USERNAME=Ahmed Shaban
OS=Windows_NT
PROCESSOR_IDENTIFIER=Intel64 Family 6 Model 58 Stepping 9, GenuineIntel



---------------  S Y S T E M  ---------------

OS: Windows 10.0 , 64 bit Build 15063 (10.0.15063.1029)

CPU:total 4 (2 cores per cpu, 2 threads per core) family 6 model 58 stepping 9, cmov, cx8, fxsr, mmx, sse, sse2, sse3, ssse3, sse4.1, sse4.2, popcnt, avx, aes, clmul, erms, ht, tsc, tscinvbit, tscinv

Memory: 4k page, physical 8273252k(1301096k free), swap 10568552k(3732k free)

vm_info: OpenJDK 64-Bit Server VM (25.112-b06) for windows-amd64 JRE (1.8.0_112-release-b06), built on Dec  8 2016 00:54:26 by "builder" with MS VC++ 10.0 (VS2010)

time: Mon Apr 30 23:41:04 2018
elapsed time: 45 seconds (0d 0h 0m 45s)

